t set: Average loss: 0.0154, Accuracy: 70/100 (70%)

Train Epoch: 51 [0/491520 (0%)] Loss: 0.191497
Train Epoch: 51 [64000/491520 (13%)]    Loss: 0.140936
Train Epoch: 51 [128000/491520 (26%)]   Loss: 0.094423
Train Epoch: 51 [192000/491520 (39%)]   Loss: 0.159695
Train Epoch: 51 [256000/491520 (52%)]   Loss: 0.189995
Train Epoch: 51 [320000/491520 (65%)]   Loss: 0.071144
Train Epoch: 51 [384000/491520 (78%)]   Loss: 0.108653
Train Epoch: 51 [448000/491520 (91%)]   Loss: 0.064402

Test set: Average loss: 0.0208, Accuracy: 65/100 (65%)

Train Epoch: 52 [0/491520 (0%)] Loss: 0.177378
Train Epoch: 52 [64000/491520 (13%)]    Loss: 0.272396
Train Epoch: 52 [128000/491520 (26%)]   Loss: 0.190025
Train Epoch: 52 [192000/491520 (39%)]   Loss: 0.044974
Train Epoch: 52 [256000/491520 (52%)]   Loss: 0.125964
Train Epoch: 52 [320000/491520 (65%)]   Loss: 0.156804
Train Epoch: 52 [384000/491520 (78%)]   Loss: 0.119605
Train Epoch: 52 [448000/491520 (91%)]   Loss: 0.161529

Test set: Average loss: 0.0170, Accuracy: 73/100 (73%)

Train Epoch: 53 [0/491520 (0%)] Loss: 0.035522
Train Epoch: 53 [64000/491520 (13%)]    Loss: 0.143888
Train Epoch: 53 [128000/491520 (26%)]   Loss: 0.059540
Train Epoch: 53 [192000/491520 (39%)]   Loss: 0.075026
Train Epoch: 53 [256000/491520 (52%)]   Loss: 0.122354
Train Epoch: 53 [320000/491520 (65%)]   Loss: 0.254989
Train Epoch: 53 [384000/491520 (78%)]   Loss: 0.125370
Train Epoch: 53 [448000/491520 (91%)]   Loss: 0.092943

Test set: Average loss: 0.0165, Accuracy: 72/100 (72%)

Train Epoch: 54 [0/491520 (0%)] Loss: 0.146364
Train Epoch: 54 [64000/491520 (13%)]    Loss: 0.053552
Train Epoch: 54 [128000/491520 (26%)]   Loss: 0.165333
Train Epoch: 54 [192000/491520 (39%)]   Loss: 0.088298
Train Epoch: 54 [256000/491520 (52%)]   Loss: 0.061472
Train Epoch: 54 [320000/491520 (65%)]   Loss: 0.078229
Train Epoch: 54 [384000/491520 (78%)]   Loss: 0.058773
Train Epoch: 54 [448000/491520 (91%)]   Loss: 0.164302

Test set: Average loss: 0.0179, Accuracy: 69/100 (69%)

Train Epoch: 55 [0/491520 (0%)] Loss: 0.199257
Train Epoch: 55 [64000/491520 (13%)]    Loss: 0.359381
Train Epoch: 55 [128000/491520 (26%)]   Loss: 0.130459
Train Epoch: 55 [192000/491520 (39%)]   Loss: 0.114345
Train Epoch: 55 [256000/491520 (52%)]   Loss: 0.063784
Train Epoch: 55 [320000/491520 (65%)]   Loss: 0.124216
Train Epoch: 55 [384000/491520 (78%)]   Loss: 0.077325
Train Epoch: 55 [448000/491520 (91%)]   Loss: 0.161746

Test set: Average loss: 0.0173, Accuracy: 71/100 (71%)

Train Epoch: 56 [0/491520 (0%)] Loss: 0.224041
Train Epoch: 56 [64000/491520 (13%)]    Loss: 0.124577
Train Epoch: 56 [128000/491520 (26%)]   Loss: 0.074810
Train Epoch: 56 [192000/491520 (39%)]   Loss: 0.482929
Train Epoch: 56 [256000/491520 (52%)]   Loss: 0.072485
Train Epoch: 56 [320000/491520 (65%)]   Loss: 0.086690
Train Epoch: 56 [384000/491520 (78%)]   Loss: 0.044383
Train Epoch: 56 [448000/491520 (91%)]   Loss: 0.134314

Test set: Average loss: 0.0169, Accuracy: 75/100 (75%)

Train Epoch: 57 [0/491520 (0%)] Loss: 0.176629
Train Epoch: 57 [64000/491520 (13%)]    Loss: 0.057005
Train Epoch: 57 [128000/491520 (26%)]   Loss: 0.132143
Train Epoch: 57 [192000/491520 (39%)]   Loss: 0.149257
Train Epoch: 57 [256000/491520 (52%)]   Loss: 0.113284
Train Epoch: 57 [320000/491520 (65%)]   Loss: 0.037020
Train Epoch: 57 [384000/491520 (78%)]   Loss: 0.178058
Train Epoch: 57 [448000/491520 (91%)]   Loss: 0.039657

Test set: Average loss: 0.0203, Accuracy: 70/100 (70%)

Train Epoch: 58 [0/491520 (0%)] Loss: 0.066144
Train Epoch: 58 [64000/491520 (13%)]    Loss: 0.105028
Train Epoch: 58 [128000/491520 (26%)]   Loss: 0.148760
Train Epoch: 58 [192000/491520 (39%)]   Loss: 0.105205
Train Epoch: 58 [256000/491520 (52%)]   Loss: 0.106160
Train Epoch: 58 [320000/491520 (65%)]   Loss: 0.153224
Train Epoch: 58 [384000/491520 (78%)]   Loss: 0.090581
Train Epoch: 58 [448000/491520 (91%)]   Loss: 0.104261

Test set: Average loss: 0.0206, Accuracy: 71/100 (71%)

Train Epoch: 59 [0/491520 (0%)] Loss: 0.138881
Train Epoch: 59 [64000/491520 (13%)]    Loss: 0.050571
Train Epoch: 59 [128000/491520 (26%)]   Loss: 0.050293
Train Epoch: 59 [192000/491520 (39%)]   Loss: 0.061640
Train Epoch: 59 [256000/491520 (52%)]   Loss: 0.035738
Train Epoch: 59 [320000/491520 (65%)]   Loss: 0.124353
Train Epoch: 59 [384000/491520 (78%)]   Loss: 0.089338
Train Epoch: 59 [448000/491520 (91%)]   Loss: 0.088704

Test set: Average loss: 0.0199, Accuracy: 71/100 (71%)

Train Epoch: 60 [0/491520 (0%)] Loss: 0.288343
Train Epoch: 60 [64000/491520 (13%)]    Loss: 0.088651
Train Epoch: 60 [128000/491520 (26%)]   Loss: 0.028900
Train Epoch: 60 [192000/491520 (39%)]   Loss: 0.096621
Train Epoch: 60 [256000/491520 (52%)]   Loss: 0.063146
Train Epoch: 60 [320000/491520 (65%)]   Loss: 0.055639
Train Epoch: 60 [384000/491520 (78%)]   Loss: 0.159721
Train Epoch: 60 [448000/491520 (91%)]   Loss: 0.081330

Test set: Average loss: 0.0219, Accuracy: 65/100 (65%)

Train Epoch: 61 [0/491520 (0%)] Loss: 0.091695
Train Epoch: 61 [64000/491520 (13%)]    Loss: 0.089124
Train Epoch: 61 [128000/491520 (26%)]   Loss: 0.006945
Train Epoch: 61 [192000/491520 (39%)]   Loss: 0.110279
Train Epoch: 61 [256000/491520 (52%)]   Loss: 0.173272
Train Epoch: 61 [320000/491520 (65%)]   Loss: 0.090425
Train Epoch: 61 [384000/491520 (78%)]   Loss: 0.020570
Train Epoch: 61 [448000/491520 (91%)]   Loss: 0.084973

Test set: Average loss: 0.0205, Accuracy: 68/100 (68%)

Train Epoch: 62 [0/491520 (0%)] Loss: 0.191251
Train Epoch: 62 [64000/491520 (13%)]    Loss: 0.052098
Train Epoch: 62 [128000/491520 (26%)]   Loss: 0.076446
Train Epoch: 62 [192000/491520 (39%)]   Loss: 0.050682
Train Epoch: 62 [256000/491520 (52%)]   Loss: 0.084726
Train Epoch: 62 [320000/491520 (65%)]   Loss: 0.087372
Train Epoch: 62 [384000/491520 (78%)]   Loss: 0.083923
Train Epoch: 62 [448000/491520 (91%)]   Loss: 0.101344

Test set: Average loss: 0.0223, Accuracy: 67/100 (67%)

Train Epoch: 63 [0/491520 (0%)] Loss: 0.077282
Train Epoch: 63 [64000/491520 (13%)]    Loss: 0.065260
Train Epoch: 63 [128000/491520 (26%)]   Loss: 0.032111
Train Epoch: 63 [192000/491520 (39%)]   Loss: 0.082853
Train Epoch: 63 [256000/491520 (52%)]   Loss: 0.120784
Train Epoch: 63 [320000/491520 (65%)]   Loss: 0.031696
Train Epoch: 63 [384000/491520 (78%)]   Loss: 0.077998
Train Epoch: 63 [448000/491520 (91%)]   Loss: 0.086714

Test set: Average loss: 0.0202, Accuracy: 71/100 (71%)

Train Epoch: 64 [0/491520 (0%)] Loss: 0.021936
Train Epoch: 64 [64000/491520 (13%)]    Loss: 0.104110
Train Epoch: 64 [128000/491520 (26%)]   Loss: 0.251359
Train Epoch: 64 [192000/491520 (39%)]   Loss: 0.036218
Train Epoch: 64 [256000/491520 (52%)]   Loss: 0.080367
Train Epoch: 64 [320000/491520 (65%)]   Loss: 0.071147
Train Epoch: 64 [384000/491520 (78%)]   Loss: 0.029732
Train Epoch: 64 [448000/491520 (91%)]   Loss: 0.021513

Test set: Average loss: 0.0202, Accuracy: 75/100 (75%)

Train Epoch: 65 [0/491520 (0%)] Loss: 0.045218
Train Epoch: 65 [64000/491520 (13%)]    Loss: 0.075737
Train Epoch: 65 [128000/491520 (26%)]   Loss: 0.078124
Train Epoch: 65 [192000/491520 (39%)]   Loss: 0.067395
Train Epoch: 65 [256000/491520 (52%)]   Loss: 0.071812
Train Epoch: 65 [320000/491520 (65%)]   Loss: 0.012942
Train Epoch: 65 [384000/491520 (78%)]   Loss: 0.082767
Train Epoch: 65 [448000/491520 (91%)]   Loss: 0.019357

Test set: Average loss: 0.0235, Accuracy: 70/100 (70%)

Train Epoch: 66 [0/491520 (0%)] Loss: 0.006392
Train Epoch: 66 [64000/491520 (13%)]    Loss: 0.031913
Train Epoch: 66 [128000/491520 (26%)]   Loss: 0.022344
Train Epoch: 66 [192000/491520 (39%)]   Loss: 0.072025
Train Epoch: 66 [256000/491520 (52%)]   Loss: 0.015524
Train Epoch: 66 [320000/491520 (65%)]   Loss: 0.066849
Train Epoch: 66 [384000/491520 (78%)]   Loss: 0.041720
Train Epoch: 66 [448000/491520 (91%)]   Loss: 0.180442

Test set: Average loss: 0.0239, Accuracy: 71/100 (71%)

Train Epoch: 67 [0/491520 (0%)] Loss: 0.071641
Train Epoch: 67 [64000/491520 (13%)]    Loss: 0.031174
Train Epoch: 67 [128000/491520 (26%)]   Loss: 0.027387
Train Epoch: 67 [192000/491520 (39%)]   Loss: 0.040255
Train Epoch: 67 [256000/491520 (52%)]   Loss: 0.094957
Train Epoch: 67 [320000/491520 (65%)]   Loss: 0.084458
Train Epoch: 67 [384000/491520 (78%)]   Loss: 0.037897
Train Epoch: 67 [448000/491520 (91%)]   Loss: 0.106866

Test set: Average loss: 0.0229, Accuracy: 71/100 (71%)

Train Epoch: 68 [0/491520 (0%)] Loss: 0.088128
Train Epoch: 68 [64000/491520 (13%)]    Loss: 0.018432
Train Epoch: 68 [128000/491520 (26%)]   Loss: 0.018987
Train Epoch: 68 [192000/491520 (39%)]   Loss: 0.061687
Train Epoch: 68 [256000/491520 (52%)]   Loss: 0.105649
Train Epoch: 68 [320000/491520 (65%)]   Loss: 0.051406
Train Epoch: 68 [384000/491520 (78%)]   Loss: 0.025877
Train Epoch: 68 [448000/491520 (91%)]   Loss: 0.025970

Test set: Average loss: 0.0268, Accuracy: 67/100 (67%)

Train Epoch: 69 [0/491520 (0%)] Loss: 0.070186
Train Epoch: 69 [64000/491520 (13%)]    Loss: 0.070419
Train Epoch: 69 [128000/491520 (26%)]   Loss: 0.012783
Train Epoch: 69 [192000/491520 (39%)]   Loss: 0.010432
Train Epoch: 69 [256000/491520 (52%)]   Loss: 0.063737
Train Epoch: 69 [320000/491520 (65%)]   Loss: 0.098161
Train Epoch: 69 [384000/491520 (78%)]   Loss: 0.075471
Train Epoch: 69 [448000/491520 (91%)]   Loss: 0.143248

Test set: Average loss: 0.0228, Accuracy: 76/100 (76%)

Train Epoch: 70 [0/491520 (0%)] Loss: 0.056778
Train Epoch: 70 [64000/491520 (13%)]    Loss: 0.338182
Train Epoch: 70 [128000/491520 (26%)]   Loss: 0.109723
Train Epoch: 70 [192000/491520 (39%)]   Loss: 0.130656
Train Epoch: 70 [256000/491520 (52%)]   Loss: 0.138386
Train Epoch: 70 [320000/491520 (65%)]   Loss: 0.338769
Train Epoch: 70 [384000/491520 (78%)]   Loss: 0.125869
Train Epoch: 70 [448000/491520 (91%)]   Loss: 0.104222

Test set: Average loss: 0.0213, Accuracy: 69/100 (69%)

Train Epoch: 71 [0/491520 (0%)] Loss: 0.092974
Train Epoch: 71 [64000/491520 (13%)]    Loss: 0.045358
Train Epoch: 71 [128000/491520 (26%)]   Loss: 0.074237
Train Epoch: 71 [192000/491520 (39%)]   Loss: 0.057957
Train Epoch: 71 [256000/491520 (52%)]   Loss: 0.172803
Train Epoch: 71 [320000/491520 (65%)]   Loss: 0.109828
Train Epoch: 71 [384000/491520 (78%)]   Loss: 0.233292
Train Epoch: 71 [448000/491520 (91%)]   Loss: 0.136354

Test set: Average loss: 0.0222, Accuracy: 69/100 (69%)

Train Epoch: 72 [0/491520 (0%)] Loss: 0.039098
Train Epoch: 72 [64000/491520 (13%)]    Loss: 0.045992
Train Epoch: 72 [128000/491520 (26%)]   Loss: 0.041323
Train Epoch: 72 [192000/491520 (39%)]   Loss: 0.034424
Train Epoch: 72 [256000/491520 (52%)]   Loss: 0.067172
Train Epoch: 72 [320000/491520 (65%)]   Loss: 0.044355
Train Epoch: 72 [384000/491520 (78%)]   Loss: 0.186973
Train Epoch: 72 [448000/491520 (91%)]   Loss: 0.226817

Test set: Average loss: 0.0224, Accuracy: 68/100 (68%)

Train Epoch: 73 [0/491520 (0%)] Loss: 0.178267
Train Epoch: 73 [64000/491520 (13%)]    Loss: 0.055004
Train Epoch: 73 [128000/491520 (26%)]   Loss: 0.028032
Train Epoch: 73 [192000/491520 (39%)]   Loss: 0.065564
Train Epoch: 73 [256000/491520 (52%)]   Loss: 0.080800
Train Epoch: 73 [320000/491520 (65%)]   Loss: 0.111254
Train Epoch: 73 [384000/491520 (78%)]   Loss: 0.066525
Train Epoch: 73 [448000/491520 (91%)]   Loss: 0.079698

Test set: Average loss: 0.0224, Accuracy: 73/100 (73%)

Train Epoch: 74 [0/491520 (0%)] Loss: 0.076655
Train Epoch: 74 [64000/491520 (13%)]    Loss: 0.072368
Train Epoch: 74 [128000/491520 (26%)]   Loss: 0.169143
Train Epoch: 74 [192000/491520 (39%)]   Loss: 0.124959
Train Epoch: 74 [256000/491520 (52%)]   Loss: 0.062309
Train Epoch: 74 [320000/491520 (65%)]   Loss: 0.055899
Train Epoch: 74 [384000/491520 (78%)]   Loss: 0.030687
Train Epoch: 74 [448000/491520 (91%)]   Loss: 0.060430

Test set: Average loss: 0.0223, Accuracy: 70/100 (70%)

Train Epoch: 75 [0/491520 (0%)] Loss: 0.039772
Train Epoch: 75 [64000/491520 (13%)]    Loss: 0.092211
Train Epoch: 75 [128000/491520 (26%)]   Loss: 0.054939
Train Epoch: 75 [192000/491520 (39%)]   Loss: 0.023397
Train Epoch: 75 [256000/491520 (52%)]   Loss: 0.079357
Train Epoch: 75 [320000/491520 (65%)]   Loss: 0.064450
Train Epoch: 75 [384000/491520 (78%)]   Loss: 0.039518
Train Epoch: 75 [448000/491520 (91%)]   Loss: 0.058969

Test set: Average loss: 0.0204, Accuracy: 72/100 (72%)

Train Epoch: 76 [0/491520 (0%)] Loss: 0.351330
Train Epoch: 76 [64000/491520 (13%)]    Loss: 0.045444
Train Epoch: 76 [128000/491520 (26%)]   Loss: 0.049098
Train Epoch: 76 [192000/491520 (39%)]   Loss: 0.082901
Train Epoch: 76 [256000/491520 (52%)]   Loss: 0.148774
Train Epoch: 76 [320000/491520 (65%)]   Loss: 0.105590
Train Epoch: 76 [384000/491520 (78%)]   Loss: 0.081263
Train Epoch: 76 [448000/491520 (91%)]   Loss: 0.049642

Test set: Average loss: 0.0209, Accuracy: 74/100 (74%)

Train Epoch: 77 [0/491520 (0%)] Loss: 0.036806
Train Epoch: 77 [64000/491520 (13%)]    Loss: 0.201551
Train Epoch: 77 [128000/491520 (26%)]   Loss: 0.101739
Train Epoch: 77 [192000/491520 (39%)]   Loss: 0.070800
Train Epoch: 77 [256000/491520 (52%)]   Loss: 0.072115
Train Epoch: 77 [320000/491520 (65%)]   Loss: 0.088049
Train Epoch: 77 [384000/491520 (78%)]   Loss: 0.141047
Train Epoch: 77 [448000/491520 (91%)]   Loss: 0.058615

Test set: Average loss: 0.0236, Accuracy: 73/100 (73%)

Train Epoch: 78 [0/491520 (0%)] Loss: 0.148500
Train Epoch: 78 [64000/491520 (13%)]    Loss: 0.112202
Train Epoch: 78 [128000/491520 (26%)]   Loss: 0.137067
Train Epoch: 78 [192000/491520 (39%)]   Loss: 0.023559
Train Epoch: 78 [256000/491520 (52%)]   Loss: 0.079046
Train Epoch: 78 [320000/491520 (65%)]   Loss: 0.117950
Train Epoch: 78 [384000/491520 (78%)]   Loss: 0.086743
Train Epoch: 78 [448000/491520 (91%)]   Loss: 0.093537

Test set: Average loss: 0.0231, Accuracy: 72/100 (72%)

Train Epoch: 79 [0/491520 (0%)] Loss: 0.083523
Train Epoch: 79 [64000/491520 (13%)]    Loss: 0.164076
Train Epoch: 79 [128000/491520 (26%)]   Loss: 0.119146
Train Epoch: 79 [192000/491520 (39%)]   Loss: 0.018383
Train Epoch: 79 [256000/491520 (52%)]   Loss: 0.057652
Train Epoch: 79 [320000/491520 (65%)]   Loss: 0.103886
Train Epoch: 79 [384000/491520 (78%)]   Loss: 0.099082
Train Epoch: 79 [448000/491520 (91%)]   Loss: 0.052991

Test set: Average loss: 0.0223, Accuracy: 72/100 (72%)

Train Epoch: 80 [0/491520 (0%)] Loss: 0.031413
Train Epoch: 80 [64000/491520 (13%)]    Loss: 0.047395
Train Epoch: 80 [128000/491520 (26%)]   Loss: 0.052243
Train Epoch: 80 [192000/491520 (39%)]   Loss: 0.107030
Train Epoch: 80 [256000/491520 (52%)]   Loss: 0.067477
Train Epoch: 80 [320000/491520 (65%)]   Loss: 0.010413
Train Epoch: 80 [384000/491520 (78%)]   Loss: 0.108016
Train Epoch: 80 [448000/491520 (91%)]   Loss: 0.055957

Test set: Average loss: 0.0201, Accuracy: 72/100 (72%)

Train Epoch: 81 [0/491520 (0%)] Loss: 0.209505
Train Epoch: 81 [64000/491520 (13%)]    Loss: 0.052842
Train Epoch: 81 [128000/491520 (26%)]   Loss: 0.078403
Train Epoch: 81 [192000/491520 (39%)]   Loss: 0.099194
Train Epoch: 81 [256000/491520 (52%)]   Loss: 0.053484
Train Epoch: 81 [320000/491520 (65%)]   Loss: 0.031070
Train Epoch: 81 [384000/491520 (78%)]   Loss: 0.048086
Train Epoch: 81 [448000/491520 (91%)]   Loss: 0.014363

Test set: Average loss: 0.0263, Accuracy: 68/100 (68%)

Train Epoch: 82 [0/491520 (0%)] Loss: 0.099759
Train Epoch: 82 [64000/491520 (13%)]    Loss: 0.113654
Train Epoch: 82 [128000/491520 (26%)]   Loss: 0.092040
Train Epoch: 82 [192000/491520 (39%)]   Loss: 0.015793
Train Epoch: 82 [256000/491520 (52%)]   Loss: 0.115458
Train Epoch: 82 [320000/491520 (65%)]   Loss: 0.009116
Train Epoch: 82 [384000/491520 (78%)]   Loss: 0.032620
Train Epoch: 82 [448000/491520 (91%)]   Loss: 0.035343

Test set: Average loss: 0.0194, Accuracy: 74/100 (74%)

Train Epoch: 83 [0/491520 (0%)] Loss: 0.043262
Train Epoch: 83 [64000/491520 (13%)]    Loss: 0.081180
Train Epoch: 83 [128000/491520 (26%)]   Loss: 0.100266
Train Epoch: 83 [192000/491520 (39%)]   Loss: 0.026389
Train Epoch: 83 [256000/491520 (52%)]   Loss: 0.055750
Train Epoch: 83 [320000/491520 (65%)]   Loss: 0.081798
Train Epoch: 83 [384000/491520 (78%)]   Loss: 0.090319
Train Epoch: 83 [448000/491520 (91%)]   Loss: 0.005538

Test set: Average loss: 0.0275, Accuracy: 71/100 (71%)

Train Epoch: 84 [0/491520 (0%)] Loss: 0.010264
Train Epoch: 84 [64000/491520 (13%)]    Loss: 0.011882
Train Epoch: 84 [128000/491520 (26%)]   Loss: 0.031631
Train Epoch: 84 [192000/491520 (39%)]   Loss: 0.025628
Train Epoch: 84 [256000/491520 (52%)]   Loss: 0.015056
Train Epoch: 84 [320000/491520 (65%)]   Loss: 0.100235
Train Epoch: 84 [384000/491520 (78%)]   Loss: 0.017708
Train Epoch: 84 [448000/491520 (91%)]   Loss: 0.004551

Test set: Average loss: 0.0241, Accuracy: 77/100 (77%)

Train Epoch: 85 [0/491520 (0%)] Loss: 0.078942
Train Epoch: 85 [64000/491520 (13%)]    Loss: 0.042173
Train Epoch: 85 [128000/491520 (26%)]   Loss: 0.031762
Train Epoch: 85 [192000/491520 (39%)]   Loss: 0.041197
Train Epoch: 85 [256000/491520 (52%)]   Loss: 0.019390
Train Epoch: 85 [320000/491520 (65%)]   Loss: 0.057812
Train Epoch: 85 [384000/491520 (78%)]   Loss: 0.059028
Train Epoch: 85 [448000/491520 (91%)]   Loss: 0.006229

Test set: Average loss: 0.0268, Accuracy: 71/100 (71%)

Train Epoch: 86 [0/491520 (0%)] Loss: 0.028994
Train Epoch: 86 [64000/491520 (13%)]    Loss: 0.017121
Train Epoch: 86 [128000/491520 (26%)]   Loss: 0.019466
Train Epoch: 86 [192000/491520 (39%)]   Loss: 0.024036
Train Epoch: 86 [256000/491520 (52%)]   Loss: 0.017348
Train Epoch: 86 [320000/491520 (65%)]   Loss: 0.009487
Train Epoch: 86 [384000/491520 (78%)]   Loss: 0.075177
Train Epoch: 86 [448000/491520 (91%)]   Loss: 0.040655

Test set: Average loss: 0.0284, Accuracy: 71/100 (71%)

Train Epoch: 87 [0/491520 (0%)] Loss: 0.016607
Train Epoch: 87 [64000/491520 (13%)]    Loss: 0.035070
Train Epoch: 87 [128000/491520 (26%)]   Loss: 0.053504
Train Epoch: 87 [192000/491520 (39%)]   Loss: 0.099396
Train Epoch: 87 [256000/491520 (52%)]   Loss: 0.170089
Train Epoch: 87 [320000/491520 (65%)]   Loss: 0.008551
Train Epoch: 87 [384000/491520 (78%)]   Loss: 0.064212
Train Epoch: 87 [448000/491520 (91%)]   Loss: 0.015260

Test set: Average loss: 0.0283, Accuracy: 72/100 (72%)

Train Epoch: 88 [0/491520 (0%)] Loss: 0.055329
Train Epoch: 88 [64000/491520 (13%)]    Loss: 0.025507
Train Epoch: 88 [128000/491520 (26%)]   Loss: 3.362980
Train Epoch: 88 [192000/491520 (39%)]   Loss: 0.030174
Train Epoch: 88 [256000/491520 (52%)]   Loss: 0.090288
Train Epoch: 88 [320000/491520 (65%)]   Loss: 0.070659
Train Epoch: 88 [384000/491520 (78%)]   Loss: 0.037916
Train Epoch: 88 [448000/491520 (91%)]   Loss: 0.413881

Test set: Average loss: 0.0119, Accuracy: 69/100 (69%)

Train Epoch: 89 [0/491520 (0%)] Loss: 0.418240
Train Epoch: 89 [64000/491520 (13%)]    Loss: 0.348215
Train Epoch: 89 [128000/491520 (26%)]   Loss: 0.133907
Train Epoch: 89 [192000/491520 (39%)]   Loss: 0.217966
Train Epoch: 89 [256000/491520 (52%)]   Loss: 0.259322
Train Epoch: 89 [320000/491520 (65%)]   Loss: 0.122188
Train Epoch: 89 [384000/491520 (78%)]   Loss: 0.160250
Train Epoch: 89 [448000/491520 (91%)]   Loss: 0.074169

Test set: Average loss: 0.0214, Accuracy: 72/100 (72%)

Train Epoch: 90 [0/491520 (0%)] Loss: 0.098522
Train Epoch: 90 [64000/491520 (13%)]    Loss: 0.068414
Train Epoch: 90 [128000/491520 (26%)]   Loss: 0.058005
Train Epoch: 90 [192000/491520 (39%)]   Loss: 0.279552
Train Epoch: 90 [256000/491520 (52%)]   Loss: 0.162331
Train Epoch: 90 [320000/491520 (65%)]   Loss: 0.144469
Train Epoch: 90 [384000/491520 (78%)]   Loss: 0.123419
Train Epoch: 90 [448000/491520 (91%)]   Loss: 0.061573

Test set: Average loss: 0.0215, Accuracy: 73/100 (73%)

Train Epoch: 91 [0/491520 (0%)] Loss: 0.233752
Train Epoch: 91 [64000/491520 (13%)]    Loss: 0.022326
Train Epoch: 91 [128000/491520 (26%)]   Loss: 0.074064
Train Epoch: 91 [192000/491520 (39%)]   Loss: 0.075322
Train Epoch: 91 [256000/491520 (52%)]   Loss: 0.150286
Train Epoch: 91 [320000/491520 (65%)]   Loss: 0.036459
Train Epoch: 91 [384000/491520 (78%)]   Loss: 0.099580
Train Epoch: 91 [448000/491520 (91%)]   Loss: 0.074229

Test set: Average loss: 0.0212, Accuracy: 75/100 (75%)

Train Epoch: 92 [0/491520 (0%)] Loss: 0.064781
Train Epoch: 92 [64000/491520 (13%)]    Loss: 0.070101
Train Epoch: 92 [128000/491520 (26%)]   Loss: 0.075374
Train Epoch: 92 [192000/491520 (39%)]   Loss: 0.067996
Train Epoch: 92 [256000/491520 (52%)]   Loss: 0.069979
Train Epoch: 92 [320000/491520 (65%)]   Loss: 0.045680
Train Epoch: 92 [384000/491520 (78%)]   Loss: 0.033030
Train Epoch: 92 [448000/491520 (91%)]   Loss: 0.087194

Test set: Average loss: 0.0245, Accuracy: 73/100 (73%)

Train Epoch: 93 [0/491520 (0%)] Loss: 0.068505
Train Epoch: 93 [64000/491520 (13%)]    Loss: 0.072297
Train Epoch: 93 [128000/491520 (26%)]   Loss: 0.005951
Train Epoch: 93 [192000/491520 (39%)]   Loss: 0.016889
Train Epoch: 93 [256000/491520 (52%)]   Loss: 0.104573
Train Epoch: 93 [320000/491520 (65%)]   Loss: 0.064790
Train Epoch: 93 [384000/491520 (78%)]   Loss: 0.080817
Train Epoch: 93 [448000/491520 (91%)]   Loss: 0.074514

Test set: Average loss: 0.0218, Accuracy: 77/100 (77%)

Train Epoch: 94 [0/491520 (0%)] Loss: 0.025410
Train Epoch: 94 [64000/491520 (13%)]    Loss: 0.174180
Train Epoch: 94 [128000/491520 (26%)]   Loss: 0.012113
Train Epoch: 94 [192000/491520 (39%)]   Loss: 0.059519
Train Epoch: 94 [256000/491520 (52%)]   Loss: 0.050752
Train Epoch: 94 [320000/491520 (65%)]   Loss: 0.028260
Train Epoch: 94 [384000/491520 (78%)]   Loss: 0.070595
Train Epoch: 94 [448000/491520 (91%)]   Loss: 0.032219

Test set: Average loss: 0.0233, Accuracy: 76/100 (76%)

Train Epoch: 95 [0/491520 (0%)] Loss: 0.242242
Train Epoch: 95 [64000/491520 (13%)]    Loss: 0.132572
Train Epoch: 95 [128000/491520 (26%)]   Loss: 0.084115
Train Epoch: 95 [192000/491520 (39%)]   Loss: 0.016114
Train Epoch: 95 [256000/491520 (52%)]   Loss: 0.048532
Train Epoch: 95 [320000/491520 (65%)]   Loss: 0.204194
Train Epoch: 95 [384000/491520 (78%)]   Loss: 0.092828
Train Epoch: 95 [448000/491520 (91%)]   Loss: 0.104180

Test set: Average loss: 0.0244, Accuracy: 76/100 (76%)

Train Epoch: 96 [0/491520 (0%)] Loss: 0.067460
Train Epoch: 96 [64000/491520 (13%)]    Loss: 0.072554
Train Epoch: 96 [128000/491520 (26%)]   Loss: 0.093202
Train Epoch: 96 [192000/491520 (39%)]   Loss: 0.025873
Train Epoch: 96 [256000/491520 (52%)]   Loss: 0.058771
Train Epoch: 96 [320000/491520 (65%)]   Loss: 0.006316
Train Epoch: 96 [384000/491520 (78%)]   Loss: 0.048525
Train Epoch: 96 [448000/491520 (91%)]   Loss: 0.467958

Test set: Average loss: 0.0267, Accuracy: 73/100 (73%)

Train Epoch: 97 [0/491520 (0%)] Loss: 0.034450
Train Epoch: 97 [64000/491520 (13%)]    Loss: 0.004127
Train Epoch: 97 [128000/491520 (26%)]   Loss: 0.030174
Train Epoch: 97 [192000/491520 (39%)]   Loss: 0.073716
Train Epoch: 97 [256000/491520 (52%)]   Loss: 0.055771
Train Epoch: 97 [320000/491520 (65%)]   Loss: 0.044213
Train Epoch: 97 [384000/491520 (78%)]   Loss: 0.068396
Train Epoch: 97 [448000/491520 (91%)]   Loss: 0.036224

Test set: Average loss: 0.0252, Accuracy: 71/100 (71%)

Train Epoch: 98 [0/491520 (0%)] Loss: 0.064244
Train Epoch: 98 [64000/491520 (13%)]    Loss: 0.469121
Train Epoch: 98 [128000/491520 (26%)]   Loss: 0.390634
Train Epoch: 98 [192000/491520 (39%)]   Loss: 0.319543
Train Epoch: 98 [256000/491520 (52%)]   Loss: 0.267179
Train Epoch: 98 [320000/491520 (65%)]   Loss: 0.126365
Train Epoch: 98 [384000/491520 (78%)]   Loss: 0.318355
Train Epoch: 98 [448000/491520 (91%)]   Loss: 0.163530

Test set: Average loss: 0.0168, Accuracy: 68/100 (68%)

Train Epoch: 99 [0/491520 (0%)] Loss: 0.187676
Train Epoch: 99 [64000/491520 (13%)]    Loss: 0.218388
Train Epoch: 99 [128000/491520 (26%)]   Loss: 0.152312
Train Epoch: 99 [192000/491520 (39%)]   Loss: 0.144622
Train Epoch: 99 [256000/491520 (52%)]   Loss: 0.196726
Train Epoch: 99 [320000/491520 (65%)]   Loss: 0.193946
Train Epoch: 99 [384000/491520 (78%)]   Loss: 0.204652
Train Epoch: 99 [448000/491520 (91%)]   Loss: 0.113163

Test set: Average loss: 0.0219, Accuracy: 66/100 (66%)
